<?xml version="1.0" encoding="UTF-8"?>
<testsuite xmlns:xsi="http://www.w3.org/2001/XMLSchema-instance" xsi:noNamespaceSchemaLocation="https://maven.apache.org/surefire/maven-surefire-plugin/xsd/surefire-test-report.xsd" name="com.herrergy.apps.AppTest" time="0.051" tests="1" errors="0" skipped="0" failures="0">
  <properties>
    <property name="java.specification.version" value="18"/>
    <property name="sun.jnu.encoding" value="UTF-8"/>
    <property name="java.class.path" value="/Users/herrergy/Documents/dev/java/aws-sdk-java-otel-mi/aws-sdk-java-otel/target/test-classes:/Users/herrergy/Documents/dev/java/aws-sdk-java-otel-mi/aws-sdk-java-otel/target/classes:/Users/herrergy/.m2/repository/junit/junit/4.11/junit-4.11.jar:/Users/herrergy/.m2/repository/org/hamcrest/hamcrest-core/1.3/hamcrest-core-1.3.jar:/Users/herrergy/.m2/repository/software/amazon/awssdk/dynamodb/2.17.209/dynamodb-2.17.209.jar:/Users/herrergy/.m2/repository/software/amazon/awssdk/aws-json-protocol/2.17.209/aws-json-protocol-2.17.209.jar:/Users/herrergy/.m2/repository/software/amazon/awssdk/third-party-jackson-core/2.17.209/third-party-jackson-core-2.17.209.jar:/Users/herrergy/.m2/repository/software/amazon/awssdk/json-utils/2.17.209/json-utils-2.17.209.jar:/Users/herrergy/.m2/repository/software/amazon/awssdk/protocol-core/2.17.209/protocol-core-2.17.209.jar:/Users/herrergy/.m2/repository/software/amazon/awssdk/profiles/2.17.209/profiles-2.17.209.jar:/Users/herrergy/.m2/repository/software/amazon/awssdk/sdk-core/2.17.209/sdk-core-2.17.209.jar:/Users/herrergy/.m2/repository/org/slf4j/slf4j-api/1.7.30/slf4j-api-1.7.30.jar:/Users/herrergy/.m2/repository/org/reactivestreams/reactive-streams/1.0.3/reactive-streams-1.0.3.jar:/Users/herrergy/.m2/repository/software/amazon/awssdk/auth/2.17.209/auth-2.17.209.jar:/Users/herrergy/.m2/repository/software/amazon/eventstream/eventstream/1.0.1/eventstream-1.0.1.jar:/Users/herrergy/.m2/repository/software/amazon/awssdk/http-client-spi/2.17.209/http-client-spi-2.17.209.jar:/Users/herrergy/.m2/repository/software/amazon/awssdk/regions/2.17.209/regions-2.17.209.jar:/Users/herrergy/.m2/repository/software/amazon/awssdk/annotations/2.17.209/annotations-2.17.209.jar:/Users/herrergy/.m2/repository/software/amazon/awssdk/utils/2.17.209/utils-2.17.209.jar:/Users/herrergy/.m2/repository/software/amazon/awssdk/aws-core/2.17.209/aws-core-2.17.209.jar:/Users/herrergy/.m2/repository/software/amazon/awssdk/metrics-spi/2.17.209/metrics-spi-2.17.209.jar:/Users/herrergy/.m2/repository/software/amazon/awssdk/apache-client/2.17.209/apache-client-2.17.209.jar:/Users/herrergy/.m2/repository/org/apache/httpcomponents/httpclient/4.5.13/httpclient-4.5.13.jar:/Users/herrergy/.m2/repository/commons-logging/commons-logging/1.2/commons-logging-1.2.jar:/Users/herrergy/.m2/repository/commons-codec/commons-codec/1.11/commons-codec-1.11.jar:/Users/herrergy/.m2/repository/org/apache/httpcomponents/httpcore/4.4.13/httpcore-4.4.13.jar:/Users/herrergy/.m2/repository/software/amazon/awssdk/netty-nio-client/2.17.209/netty-nio-client-2.17.209.jar:/Users/herrergy/.m2/repository/io/netty/netty-codec-http/4.1.77.Final/netty-codec-http-4.1.77.Final.jar:/Users/herrergy/.m2/repository/io/netty/netty-codec-http2/4.1.77.Final/netty-codec-http2-4.1.77.Final.jar:/Users/herrergy/.m2/repository/io/netty/netty-codec/4.1.77.Final/netty-codec-4.1.77.Final.jar:/Users/herrergy/.m2/repository/io/netty/netty-transport/4.1.77.Final/netty-transport-4.1.77.Final.jar:/Users/herrergy/.m2/repository/io/netty/netty-resolver/4.1.77.Final/netty-resolver-4.1.77.Final.jar:/Users/herrergy/.m2/repository/io/netty/netty-common/4.1.77.Final/netty-common-4.1.77.Final.jar:/Users/herrergy/.m2/repository/io/netty/netty-buffer/4.1.77.Final/netty-buffer-4.1.77.Final.jar:/Users/herrergy/.m2/repository/io/netty/netty-handler/4.1.77.Final/netty-handler-4.1.77.Final.jar:/Users/herrergy/.m2/repository/io/netty/netty-transport-classes-epoll/4.1.77.Final/netty-transport-classes-epoll-4.1.77.Final.jar:/Users/herrergy/.m2/repository/io/netty/netty-transport-native-unix-common/4.1.77.Final/netty-transport-native-unix-common-4.1.77.Final.jar:/Users/herrergy/.m2/repository/software/amazon/awssdk/s3/2.17.209/s3-2.17.209.jar:/Users/herrergy/.m2/repository/software/amazon/awssdk/aws-xml-protocol/2.17.209/aws-xml-protocol-2.17.209.jar:/Users/herrergy/.m2/repository/software/amazon/awssdk/aws-query-protocol/2.17.209/aws-query-protocol-2.17.209.jar:/Users/herrergy/.m2/repository/software/amazon/awssdk/arns/2.17.209/arns-2.17.209.jar:/Users/herrergy/.m2/repository/io/opentelemetry/opentelemetry-sdk-extension-aws/1.15.0/opentelemetry-sdk-extension-aws-1.15.0.jar:/Users/herrergy/.m2/repository/io/opentelemetry/opentelemetry-semconv/1.13.0-alpha/opentelemetry-semconv-1.13.0-alpha.jar:/Users/herrergy/.m2/repository/com/fasterxml/jackson/core/jackson-core/2.13.3/jackson-core-2.13.3.jar:/Users/herrergy/.m2/repository/com/squareup/okhttp3/okhttp/4.9.3/okhttp-4.9.3.jar:/Users/herrergy/.m2/repository/com/squareup/okio/okio/2.8.0/okio-2.8.0.jar:/Users/herrergy/.m2/repository/org/jetbrains/kotlin/kotlin-stdlib-common/1.4.0/kotlin-stdlib-common-1.4.0.jar:/Users/herrergy/.m2/repository/org/jetbrains/kotlin/kotlin-stdlib/1.4.10/kotlin-stdlib-1.4.10.jar:/Users/herrergy/.m2/repository/org/jetbrains/annotations/13.0/annotations-13.0.jar:/Users/herrergy/.m2/repository/io/opentelemetry/opentelemetry-sdk/1.15.0/opentelemetry-sdk-1.15.0.jar:/Users/herrergy/.m2/repository/io/opentelemetry/opentelemetry-sdk-common/1.15.0/opentelemetry-sdk-common-1.15.0.jar:/Users/herrergy/.m2/repository/io/opentelemetry/opentelemetry-sdk-trace/1.15.0/opentelemetry-sdk-trace-1.15.0.jar:/Users/herrergy/.m2/repository/io/opentelemetry/opentelemetry-sdk-metrics/1.15.0/opentelemetry-sdk-metrics-1.15.0.jar:/Users/herrergy/.m2/repository/io/opentelemetry/opentelemetry-sdk-logs/1.13.0-alpha/opentelemetry-sdk-logs-1.13.0-alpha.jar:/Users/herrergy/.m2/repository/io/opentelemetry/instrumentation/opentelemetry-aws-sdk-2.2/1.13.0-alpha/opentelemetry-aws-sdk-2.2-1.13.0-alpha.jar:/Users/herrergy/.m2/repository/io/opentelemetry/instrumentation/opentelemetry-instrumentation-api/1.13.0-alpha/opentelemetry-instrumentation-api-1.13.0-alpha.jar:/Users/herrergy/.m2/repository/io/opentelemetry/instrumentation/opentelemetry-instrumentation-api-semconv/1.13.0-alpha/opentelemetry-instrumentation-api-semconv-1.13.0-alpha.jar:/Users/herrergy/.m2/repository/io/opentelemetry/opentelemetry-extension-aws/1.15.0/opentelemetry-extension-aws-1.15.0.jar:/Users/herrergy/.m2/repository/io/opentelemetry/opentelemetry-api/1.15.0/opentelemetry-api-1.15.0.jar:/Users/herrergy/.m2/repository/io/opentelemetry/opentelemetry-context/1.15.0/opentelemetry-context-1.15.0.jar:/Users/herrergy/.m2/repository/io/opentelemetry/instrumentation/opentelemetry-aws-sdk-2.2-autoconfigure/1.13.0-alpha/opentelemetry-aws-sdk-2.2-autoconfigure-1.13.0-alpha.jar:/Users/herrergy/.m2/repository/mysql/mysql-connector-java/8.0.29/mysql-connector-java-8.0.29.jar:/Users/herrergy/.m2/repository/com/google/protobuf/protobuf-java/3.19.4/protobuf-java-3.19.4.jar:"/>
    <property name="java.vm.vendor" value="Amazon.com Inc."/>
    <property name="sun.arch.data.model" value="64"/>
    <property name="java.vendor.url" value="https://aws.amazon.com/corretto/"/>
    <property name="os.name" value="Mac OS X"/>
    <property name="java.vm.specification.version" value="18"/>
    <property name="sun.java.launcher" value="SUN_STANDARD"/>
    <property name="user.country" value="US"/>
    <property name="sun.boot.library.path" value="/Library/Java/JavaVirtualMachines/amazon-corretto-18.jdk/Contents/Home/lib"/>
    <property name="sun.java.command" value="/Users/herrergy/Documents/dev/java/aws-sdk-java-otel-mi/aws-sdk-java-otel/target/surefire/surefirebooter3626082688388380893.jar /Users/herrergy/Documents/dev/java/aws-sdk-java-otel-mi/aws-sdk-java-otel/target/surefire 2022-07-28T23-41-16_736-jvmRun1 surefire16685828715994325610tmp surefire_0877593645556938368tmp"/>
    <property name="jdk.debug" value="release"/>
    <property name="surefire.test.class.path" value="/Users/herrergy/Documents/dev/java/aws-sdk-java-otel-mi/aws-sdk-java-otel/target/test-classes:/Users/herrergy/Documents/dev/java/aws-sdk-java-otel-mi/aws-sdk-java-otel/target/classes:/Users/herrergy/.m2/repository/junit/junit/4.11/junit-4.11.jar:/Users/herrergy/.m2/repository/org/hamcrest/hamcrest-core/1.3/hamcrest-core-1.3.jar:/Users/herrergy/.m2/repository/software/amazon/awssdk/dynamodb/2.17.209/dynamodb-2.17.209.jar:/Users/herrergy/.m2/repository/software/amazon/awssdk/aws-json-protocol/2.17.209/aws-json-protocol-2.17.209.jar:/Users/herrergy/.m2/repository/software/amazon/awssdk/third-party-jackson-core/2.17.209/third-party-jackson-core-2.17.209.jar:/Users/herrergy/.m2/repository/software/amazon/awssdk/json-utils/2.17.209/json-utils-2.17.209.jar:/Users/herrergy/.m2/repository/software/amazon/awssdk/protocol-core/2.17.209/protocol-core-2.17.209.jar:/Users/herrergy/.m2/repository/software/amazon/awssdk/profiles/2.17.209/profiles-2.17.209.jar:/Users/herrergy/.m2/repository/software/amazon/awssdk/sdk-core/2.17.209/sdk-core-2.17.209.jar:/Users/herrergy/.m2/repository/org/slf4j/slf4j-api/1.7.30/slf4j-api-1.7.30.jar:/Users/herrergy/.m2/repository/org/reactivestreams/reactive-streams/1.0.3/reactive-streams-1.0.3.jar:/Users/herrergy/.m2/repository/software/amazon/awssdk/auth/2.17.209/auth-2.17.209.jar:/Users/herrergy/.m2/repository/software/amazon/eventstream/eventstream/1.0.1/eventstream-1.0.1.jar:/Users/herrergy/.m2/repository/software/amazon/awssdk/http-client-spi/2.17.209/http-client-spi-2.17.209.jar:/Users/herrergy/.m2/repository/software/amazon/awssdk/regions/2.17.209/regions-2.17.209.jar:/Users/herrergy/.m2/repository/software/amazon/awssdk/annotations/2.17.209/annotations-2.17.209.jar:/Users/herrergy/.m2/repository/software/amazon/awssdk/utils/2.17.209/utils-2.17.209.jar:/Users/herrergy/.m2/repository/software/amazon/awssdk/aws-core/2.17.209/aws-core-2.17.209.jar:/Users/herrergy/.m2/repository/software/amazon/awssdk/metrics-spi/2.17.209/metrics-spi-2.17.209.jar:/Users/herrergy/.m2/repository/software/amazon/awssdk/apache-client/2.17.209/apache-client-2.17.209.jar:/Users/herrergy/.m2/repository/org/apache/httpcomponents/httpclient/4.5.13/httpclient-4.5.13.jar:/Users/herrergy/.m2/repository/commons-logging/commons-logging/1.2/commons-logging-1.2.jar:/Users/herrergy/.m2/repository/commons-codec/commons-codec/1.11/commons-codec-1.11.jar:/Users/herrergy/.m2/repository/org/apache/httpcomponents/httpcore/4.4.13/httpcore-4.4.13.jar:/Users/herrergy/.m2/repository/software/amazon/awssdk/netty-nio-client/2.17.209/netty-nio-client-2.17.209.jar:/Users/herrergy/.m2/repository/io/netty/netty-codec-http/4.1.77.Final/netty-codec-http-4.1.77.Final.jar:/Users/herrergy/.m2/repository/io/netty/netty-codec-http2/4.1.77.Final/netty-codec-http2-4.1.77.Final.jar:/Users/herrergy/.m2/repository/io/netty/netty-codec/4.1.77.Final/netty-codec-4.1.77.Final.jar:/Users/herrergy/.m2/repository/io/netty/netty-transport/4.1.77.Final/netty-transport-4.1.77.Final.jar:/Users/herrergy/.m2/repository/io/netty/netty-resolver/4.1.77.Final/netty-resolver-4.1.77.Final.jar:/Users/herrergy/.m2/repository/io/netty/netty-common/4.1.77.Final/netty-common-4.1.77.Final.jar:/Users/herrergy/.m2/repository/io/netty/netty-buffer/4.1.77.Final/netty-buffer-4.1.77.Final.jar:/Users/herrergy/.m2/repository/io/netty/netty-handler/4.1.77.Final/netty-handler-4.1.77.Final.jar:/Users/herrergy/.m2/repository/io/netty/netty-transport-classes-epoll/4.1.77.Final/netty-transport-classes-epoll-4.1.77.Final.jar:/Users/herrergy/.m2/repository/io/netty/netty-transport-native-unix-common/4.1.77.Final/netty-transport-native-unix-common-4.1.77.Final.jar:/Users/herrergy/.m2/repository/software/amazon/awssdk/s3/2.17.209/s3-2.17.209.jar:/Users/herrergy/.m2/repository/software/amazon/awssdk/aws-xml-protocol/2.17.209/aws-xml-protocol-2.17.209.jar:/Users/herrergy/.m2/repository/software/amazon/awssdk/aws-query-protocol/2.17.209/aws-query-protocol-2.17.209.jar:/Users/herrergy/.m2/repository/software/amazon/awssdk/arns/2.17.209/arns-2.17.209.jar:/Users/herrergy/.m2/repository/io/opentelemetry/opentelemetry-sdk-extension-aws/1.15.0/opentelemetry-sdk-extension-aws-1.15.0.jar:/Users/herrergy/.m2/repository/io/opentelemetry/opentelemetry-semconv/1.13.0-alpha/opentelemetry-semconv-1.13.0-alpha.jar:/Users/herrergy/.m2/repository/com/fasterxml/jackson/core/jackson-core/2.13.3/jackson-core-2.13.3.jar:/Users/herrergy/.m2/repository/com/squareup/okhttp3/okhttp/4.9.3/okhttp-4.9.3.jar:/Users/herrergy/.m2/repository/com/squareup/okio/okio/2.8.0/okio-2.8.0.jar:/Users/herrergy/.m2/repository/org/jetbrains/kotlin/kotlin-stdlib-common/1.4.0/kotlin-stdlib-common-1.4.0.jar:/Users/herrergy/.m2/repository/org/jetbrains/kotlin/kotlin-stdlib/1.4.10/kotlin-stdlib-1.4.10.jar:/Users/herrergy/.m2/repository/org/jetbrains/annotations/13.0/annotations-13.0.jar:/Users/herrergy/.m2/repository/io/opentelemetry/opentelemetry-sdk/1.15.0/opentelemetry-sdk-1.15.0.jar:/Users/herrergy/.m2/repository/io/opentelemetry/opentelemetry-sdk-common/1.15.0/opentelemetry-sdk-common-1.15.0.jar:/Users/herrergy/.m2/repository/io/opentelemetry/opentelemetry-sdk-trace/1.15.0/opentelemetry-sdk-trace-1.15.0.jar:/Users/herrergy/.m2/repository/io/opentelemetry/opentelemetry-sdk-metrics/1.15.0/opentelemetry-sdk-metrics-1.15.0.jar:/Users/herrergy/.m2/repository/io/opentelemetry/opentelemetry-sdk-logs/1.13.0-alpha/opentelemetry-sdk-logs-1.13.0-alpha.jar:/Users/herrergy/.m2/repository/io/opentelemetry/instrumentation/opentelemetry-aws-sdk-2.2/1.13.0-alpha/opentelemetry-aws-sdk-2.2-1.13.0-alpha.jar:/Users/herrergy/.m2/repository/io/opentelemetry/instrumentation/opentelemetry-instrumentation-api/1.13.0-alpha/opentelemetry-instrumentation-api-1.13.0-alpha.jar:/Users/herrergy/.m2/repository/io/opentelemetry/instrumentation/opentelemetry-instrumentation-api-semconv/1.13.0-alpha/opentelemetry-instrumentation-api-semconv-1.13.0-alpha.jar:/Users/herrergy/.m2/repository/io/opentelemetry/opentelemetry-extension-aws/1.15.0/opentelemetry-extension-aws-1.15.0.jar:/Users/herrergy/.m2/repository/io/opentelemetry/opentelemetry-api/1.15.0/opentelemetry-api-1.15.0.jar:/Users/herrergy/.m2/repository/io/opentelemetry/opentelemetry-context/1.15.0/opentelemetry-context-1.15.0.jar:/Users/herrergy/.m2/repository/io/opentelemetry/instrumentation/opentelemetry-aws-sdk-2.2-autoconfigure/1.13.0-alpha/opentelemetry-aws-sdk-2.2-autoconfigure-1.13.0-alpha.jar:/Users/herrergy/.m2/repository/mysql/mysql-connector-java/8.0.29/mysql-connector-java-8.0.29.jar:/Users/herrergy/.m2/repository/com/google/protobuf/protobuf-java/3.19.4/protobuf-java-3.19.4.jar:"/>
    <property name="sun.cpu.endian" value="little"/>
    <property name="user.home" value="/Users/herrergy"/>
    <property name="user.language" value="en"/>
    <property name="java.specification.vendor" value="Oracle Corporation"/>
    <property name="java.version.date" value="2022-07-19"/>
    <property name="java.home" value="/Library/Java/JavaVirtualMachines/amazon-corretto-18.jdk/Contents/Home"/>
    <property name="file.separator" value="/"/>
    <property name="basedir" value="/Users/herrergy/Documents/dev/java/aws-sdk-java-otel-mi/aws-sdk-java-otel"/>
    <property name="java.vm.compressedOopsMode" value="Zero based"/>
    <property name="line.separator" value="&#10;"/>
    <property name="java.vm.specification.vendor" value="Oracle Corporation"/>
    <property name="java.specification.name" value="Java Platform API Specification"/>
    <property name="apple.awt.application.name" value="ForkedBooter"/>
    <property name="surefire.real.class.path" value="/Users/herrergy/Documents/dev/java/aws-sdk-java-otel-mi/aws-sdk-java-otel/target/surefire/surefirebooter3626082688388380893.jar"/>
    <property name="sun.management.compiler" value="HotSpot 64-Bit Tiered Compilers"/>
    <property name="java.runtime.version" value="18.0.2+9-FR"/>
    <property name="user.name" value="herrergy"/>
    <property name="path.separator" value=":"/>
    <property name="os.version" value="12.3.1"/>
    <property name="java.runtime.name" value="OpenJDK Runtime Environment"/>
    <property name="file.encoding" value="UTF-8"/>
    <property name="java.vm.name" value="OpenJDK 64-Bit Server VM"/>
    <property name="java.vendor.version" value="Corretto-18.0.2.9.1"/>
    <property name="localRepository" value="/Users/herrergy/.m2/repository"/>
    <property name="java.vendor.url.bug" value="https://github.com/corretto/corretto-18/issues/"/>
    <property name="java.io.tmpdir" value="/var/folders/2m/pqndb24j0yj856r_ghhkt_zr0000gr/T/"/>
    <property name="idea.version" value="2022.1.4"/>
    <property name="java.version" value="18.0.2"/>
    <property name="user.dir" value="/Users/herrergy/Documents/dev/java/aws-sdk-java-otel-mi/aws-sdk-java-otel"/>
    <property name="os.arch" value="x86_64"/>
    <property name="java.vm.specification.name" value="Java Virtual Machine Specification"/>
    <property name="native.encoding" value="UTF-8"/>
    <property name="java.library.path" value="/Users/herrergy/Library/Java/Extensions:/Library/Java/Extensions:/Network/Library/Java/Extensions:/System/Library/Java/Extensions:/usr/lib/java:."/>
    <property name="java.vm.info" value="mixed mode, sharing"/>
    <property name="java.vendor" value="Amazon.com Inc."/>
    <property name="java.vm.version" value="18.0.2+9-FR"/>
    <property name="sun.io.unicode.encoding" value="UnicodeBig"/>
    <property name="java.class.version" value="62.0"/>
  </properties>
  <testcase name="shouldAnswerWithTrue" classname="com.herrergy.apps.AppTest" time="0.006"/>
</testsuite>